[debug] [2022-02-09T20:22:35.198Z] ----------------------------------------------------------------------
[debug] [2022-02-09T20:22:35.215Z] Command:       C:\Program Files\nodejs\node.exe C:\Users\Luis david\AppData\Roaming\npm\node_modules\firebase-tools\lib\bin\firebase.js init
[debug] [2022-02-09T20:22:35.218Z] CLI Version:   10.1.2
[debug] [2022-02-09T20:22:35.219Z] Platform:      win32
[debug] [2022-02-09T20:22:35.220Z] Node Version:  v16.13.0
[debug] [2022-02-09T20:22:36.013Z] Time:          Wed Feb 09 2022 15:22:35 GMT-0500 (hora estándar de Colombia)
[debug] [2022-02-09T20:22:36.015Z] ----------------------------------------------------------------------
[debug] 
[debug] [2022-02-09T20:22:36.550Z] >>> [apiv2][query] GET https://firebase-public.firebaseio.com/cli.json [none]
[debug] [2022-02-09T20:22:38.658Z] > command requires scopes: ["email","openid","https://www.googleapis.com/auth/cloudplatformprojects.readonly","https://www.googleapis.com/auth/firebase","https://www.googleapis.com/auth/cloud-platform"]
[debug] [2022-02-09T20:22:38.659Z] > authorizing via signed-in user (luis23luis33@gmail.com)
[info] 
     ######## #### ########  ######## ########     ###     ######  ########
     ##        ##  ##     ## ##       ##     ##  ##   ##  ##       ##
     ######    ##  ########  ######   ########  #########  ######  ######
     ##        ##  ##    ##  ##       ##     ## ##     ##       ## ##
     ##       #### ##     ## ######## ########  ##     ##  ######  ########

You're about to initialize a Firebase project in this directory:

  C:\cursos_Udemy\Angular\presupuesto-app

Before we get started, keep in mind:

  * You are currently outside your home directory
  * You are initializing within an existing Firebase project directory

[debug] [2022-02-09T20:22:40.206Z] <<< [apiv2][status] GET https://firebase-public.firebaseio.com/cli.json 200
[debug] [2022-02-09T20:22:40.207Z] <<< [apiv2][body] GET https://firebase-public.firebaseio.com/cli.json {"cloudBuildErrorAfter":1594252800000,"cloudBuildWarnAfter":1590019200000,"defaultNode10After":1594252800000,"minVersion":"3.0.5","node8DeploysDisabledAfter":1613390400000,"node8RuntimeDisabledAfter":1615809600000,"node8WarnAfter":1600128000000}
